{
  "stats": {
    "suites": 3,
    "tests": 9,
    "passes": 9,
    "pending": 0,
    "failures": 0,
    "start": "2023-03-02T19:04:00.749Z",
    "end": "2023-03-02T19:04:52.704Z",
    "duration": 39997,
    "testsRegistered": 9,
    "passPercent": 100,
    "pendingPercent": 0,
    "other": 0,
    "hasOther": false,
    "skipped": 0,
    "hasSkipped": false
  },
  "results": [
    {
      "uuid": "da7e7eb6-aba9-4fa5-85f5-5a1448c07abc",
      "title": "",
      "fullFile": "cypress/e2e/headlessLoginTest.cy.js",
      "file": "cypress/e2e/headlessLoginTest.cy.js",
      "beforeHooks": [],
      "afterHooks": [],
      "tests": [
        {
          "title": "Open account page",
          "fullTitle": "Open account page",
          "timedOut": null,
          "duration": 2577,
          "state": "passed",
          "speed": "fast",
          "pass": true,
          "fail": false,
          "pending": false,
          "context": null,
          "code": "(0, _helper.headlessLogin)(user);\ncy.visit('/index.php?rt=account/account');\n_AccountPage.default.verifyUserName(user);",
          "err": {},
          "uuid": "1822f79c-19a8-4ffb-bb26-dcb056af9d7d",
          "parentUUID": "da7e7eb6-aba9-4fa5-85f5-5a1448c07abc",
          "isHook": false,
          "skipped": false
        },
        {
          "title": "Open order history page",
          "fullTitle": "Open order history page",
          "timedOut": null,
          "duration": 876,
          "state": "passed",
          "speed": "fast",
          "pass": true,
          "fail": false,
          "pending": false,
          "context": null,
          "code": "(0, _helper.headlessLogin)(user);\ncy.visit('/index.php?rt=account/history');\ncy.log('**Verify user first name on account page**');\ncy.get('h1 span.maintext', {\n  timeout: 20000\n}).should('contain', ' My Order History');",
          "err": {},
          "uuid": "cba5a8f8-dfbd-4c13-a256-c9a41f0789d9",
          "parentUUID": "da7e7eb6-aba9-4fa5-85f5-5a1448c07abc",
          "isHook": false,
          "skipped": false
        }
      ],
      "suites": [],
      "passes": [
        "1822f79c-19a8-4ffb-bb26-dcb056af9d7d",
        "cba5a8f8-dfbd-4c13-a256-c9a41f0789d9"
      ],
      "failures": [],
      "pending": [],
      "skipped": [],
      "duration": 3453,
      "root": true,
      "rootEmpty": false,
      "_timeout": 2000
    },
    {
      "uuid": "924222ce-f007-4759-90d2-3e3acd563b9e",
      "title": "",
      "fullFile": "cypress/e2e/loginAndSignup.cy.js",
      "file": "cypress/e2e/loginAndSignup.cy.js",
      "beforeHooks": [],
      "afterHooks": [],
      "tests": [],
      "suites": [
        {
          "uuid": "3ffe3f16-8c0a-4a11-8fce-234f3b8c008c",
          "title": "Sign up and login",
          "fullFile": "",
          "file": "",
          "beforeHooks": [],
          "afterHooks": [],
          "tests": [
            {
              "title": "Sign up",
              "fullTitle": "Sign up and login Sign up",
              "timedOut": null,
              "duration": 7974,
              "state": "passed",
              "speed": "medium",
              "pass": true,
              "fail": false,
              "pending": false,
              "context": null,
              "code": "_SignupPage.default.visit();\n_SignupPage.default.createNewAccount(user);\n_AccountSuccessPage.default.verifyNewAccountCreated();",
              "err": {},
              "uuid": "813c7b74-9a7c-4ece-abe2-d15dc0996a04",
              "parentUUID": "3ffe3f16-8c0a-4a11-8fce-234f3b8c008c",
              "isHook": false,
              "skipped": false
            },
            {
              "title": "Login with valid user",
              "fullTitle": "Sign up and login Login with valid user",
              "timedOut": null,
              "duration": 1604,
              "state": "passed",
              "speed": "fast",
              "pass": true,
              "fail": false,
              "pending": false,
              "context": null,
              "code": "_LoginPage.default.visit();\n_LoginPage.default.submitLoginForm(user);\n_AccountPage.default.verifyUserName(user);",
              "err": {},
              "uuid": "dbc5610a-998f-40fc-9512-a8bfd0ba6021",
              "parentUUID": "3ffe3f16-8c0a-4a11-8fce-234f3b8c008c",
              "isHook": false,
              "skipped": false
            },
            {
              "title": "Login without username",
              "fullTitle": "Sign up and login Login without username",
              "timedOut": null,
              "duration": 1002,
              "state": "passed",
              "speed": "fast",
              "pass": true,
              "fail": false,
              "pending": false,
              "context": null,
              "code": "_LoginPage.default.visit();\n_LoginPage.default.submitLoginFormWithoutUsername(user);",
              "err": {},
              "uuid": "770ce91d-fefb-43cc-abba-872f7dc48c74",
              "parentUUID": "3ffe3f16-8c0a-4a11-8fce-234f3b8c008c",
              "isHook": false,
              "skipped": false
            },
            {
              "title": "Login with invalid username",
              "fullTitle": "Sign up and login Login with invalid username",
              "timedOut": null,
              "duration": 1330,
              "state": "passed",
              "speed": "fast",
              "pass": true,
              "fail": false,
              "pending": false,
              "context": null,
              "code": "_LoginPage.default.visit();\n_LoginPage.default.submitLoginFormInvalidUsername(user);",
              "err": {},
              "uuid": "a5e25ec9-eb55-4707-af2e-518d6c48abc2",
              "parentUUID": "3ffe3f16-8c0a-4a11-8fce-234f3b8c008c",
              "isHook": false,
              "skipped": false
            },
            {
              "title": "Login with invalid password",
              "fullTitle": "Sign up and login Login with invalid password",
              "timedOut": null,
              "duration": 1348,
              "state": "passed",
              "speed": "fast",
              "pass": true,
              "fail": false,
              "pending": false,
              "context": null,
              "code": "_LoginPage.default.visit();\n_LoginPage.default.submitLoginFormInvalidPassword(user);",
              "err": {},
              "uuid": "2a6ee476-2e49-4f68-a991-60889d831e48",
              "parentUUID": "3ffe3f16-8c0a-4a11-8fce-234f3b8c008c",
              "isHook": false,
              "skipped": false
            }
          ],
          "suites": [],
          "passes": [
            "813c7b74-9a7c-4ece-abe2-d15dc0996a04",
            "dbc5610a-998f-40fc-9512-a8bfd0ba6021",
            "770ce91d-fefb-43cc-abba-872f7dc48c74",
            "a5e25ec9-eb55-4707-af2e-518d6c48abc2",
            "2a6ee476-2e49-4f68-a991-60889d831e48"
          ],
          "failures": [],
          "pending": [],
          "skipped": [],
          "duration": 13258,
          "root": false,
          "rootEmpty": false,
          "_timeout": 2000
        }
      ],
      "passes": [],
      "failures": [],
      "pending": [],
      "skipped": [],
      "duration": 0,
      "root": true,
      "rootEmpty": true,
      "_timeout": 2000
    },
    {
      "uuid": "c9febbc5-488d-427d-9d2b-2200e3eac0b7",
      "title": "",
      "fullFile": "cypress/e2e/buyProduct.cy.js",
      "file": "cypress/e2e/buyProduct.cy.js",
      "beforeHooks": [],
      "afterHooks": [],
      "tests": [
        {
          "title": "Search and buy found product",
          "fullTitle": "Search and buy found product",
          "timedOut": null,
          "duration": 19410,
          "state": "passed",
          "speed": "slow",
          "pass": true,
          "fail": false,
          "pending": false,
          "context": null,
          "code": "//Find product\n_SearchPage.default.getSearchField().type('e {enter}');\n_SearchPage.default.findSpecificProduct(product_name);\n//Adding found product to the cart\n_ProductPage.default.getAddToCartBtn().click();\n_ShoppingCartPage.default.assertShoppingCartPageOpened();\n//Checkout\n_ShoppingCartPage.default.getCheckoutBtn().click();\n_CheckoutConfirmPage.default.assertCheckoutConfirmPageTitle();\n_CheckoutConfirmPage.default.getConfirmOrderBtn().click();\n_CheckoutSuccessPage.default.assertCheckoutSuccessPageTitle();",
          "err": {},
          "uuid": "13476c79-8519-44ad-b541-7c2efad4613d",
          "parentUUID": "c9febbc5-488d-427d-9d2b-2200e3eac0b7",
          "isHook": false,
          "skipped": false
        },
        {
          "title": "Buy product on the home page",
          "fullTitle": "Buy product on the home page",
          "timedOut": null,
          "duration": 3876,
          "state": "passed",
          "speed": "fast",
          "pass": true,
          "fail": false,
          "pending": false,
          "context": null,
          "code": "//Add product to the cart\n_HomePage.default.getBellaBambaProduct().click();\n//Check changes on the page after adding\n_HomePage.default.assertAddedToCartTooltipText();\n_HomePage.default.assertAddedToCartColor();\n_HomePage.default.assertCartPopupAddedProductImage();\n_HomePage.default.assertCartPopupAddedProductName();\n_HomePage.default.assertCartPopupAddedProductPrice();\n//Check popup content\n_HomePage.default.getPopupAddedProduct();\n_HomePage.default.assertPopupAddedProductTimes();\n_HomePage.default.assertPopupAddedProductQuantity();\n_HomePage.default.assertPopupAddedProductSubtotal();\n_HomePage.default.assertPopupAddedProductTotal();\n_HomePage.default.assertPopupHeaderAmount();\n_HomePage.default.assertPopupHeaderTotal();\n//Go to the View cart page\n_HomePage.default.getPopupAddedProductViewCartBtn().click();\n_ShoppingCartPage.default.assertShoppingCartPageOpened();\n_ShoppingCartPage.default.assertProductImage();\n_ShoppingCartPage.default.assertProductName();\n_ShoppingCartPage.default.assertModelCode();\n_ShoppingCartPage.default.assertUnitPrice();\n_ShoppingCartPage.default.assertProductQuantity();\n_ShoppingCartPage.default.assertTotal();\n//Checkout\n_ShoppingCartPage.default.getCheckoutBtn().click();\n_CheckoutConfirmPage.default.assertCheckoutConfirmPageTitle();\n_CheckoutConfirmPage.default.getConfirmOrderBtn().click();\n_CheckoutSuccessPage.default.assertCheckoutSuccessPageTitle();",
          "err": {},
          "uuid": "d2575835-3920-4fbe-b2ed-63cf7f165c1c",
          "parentUUID": "c9febbc5-488d-427d-9d2b-2200e3eac0b7",
          "isHook": false,
          "skipped": false
        }
      ],
      "suites": [],
      "passes": [
        "13476c79-8519-44ad-b541-7c2efad4613d",
        "d2575835-3920-4fbe-b2ed-63cf7f165c1c"
      ],
      "failures": [],
      "pending": [],
      "skipped": [],
      "duration": 23286,
      "root": true,
      "rootEmpty": false,
      "_timeout": 2000
    }
  ],
  "meta": {
    "mocha": {
      "version": "7.0.1"
    },
    "mochawesome": {
      "options": {
        "quiet": false,
        "reportFilename": "mochawesome",
        "saveHtml": false,
        "saveJson": true,
        "consoleReporter": "spec",
        "useInlineDiffs": false,
        "code": true
      },
      "version": "7.1.3"
    },
    "marge": {
      "options": {
        "reportDir": "cypress/results",
        "overwrite": false,
        "html": false,
        "json": true
      },
      "version": "6.2.0"
    }
  }
}