{
  "stats": {
    "suites": 0,
    "tests": 2,
    "passes": 2,
    "pending": 0,
    "failures": 0,
    "start": "2023-03-02T19:04:00.749Z",
    "end": "2023-03-02T19:04:24.130Z",
    "duration": 23381,
    "testsRegistered": 2,
    "passPercent": 100,
    "pendingPercent": 0,
    "other": 0,
    "hasOther": false,
    "skipped": 0,
    "hasSkipped": false
  },
  "results": [
    {
      "uuid": "c9febbc5-488d-427d-9d2b-2200e3eac0b7",
      "title": "",
      "fullFile": "cypress/e2e/buyProduct.cy.js",
      "file": "cypress/e2e/buyProduct.cy.js",
      "beforeHooks": [],
      "afterHooks": [],
      "tests": [
        {
          "title": "Search and buy found product",
          "fullTitle": "Search and buy found product",
          "timedOut": null,
          "duration": 19410,
          "state": "passed",
          "speed": "slow",
          "pass": true,
          "fail": false,
          "pending": false,
          "context": null,
          "code": "//Find product\n_SearchPage.default.getSearchField().type('e {enter}');\n_SearchPage.default.findSpecificProduct(product_name);\n//Adding found product to the cart\n_ProductPage.default.getAddToCartBtn().click();\n_ShoppingCartPage.default.assertShoppingCartPageOpened();\n//Checkout\n_ShoppingCartPage.default.getCheckoutBtn().click();\n_CheckoutConfirmPage.default.assertCheckoutConfirmPageTitle();\n_CheckoutConfirmPage.default.getConfirmOrderBtn().click();\n_CheckoutSuccessPage.default.assertCheckoutSuccessPageTitle();",
          "err": {},
          "uuid": "13476c79-8519-44ad-b541-7c2efad4613d",
          "parentUUID": "c9febbc5-488d-427d-9d2b-2200e3eac0b7",
          "isHook": false,
          "skipped": false
        },
        {
          "title": "Buy product on the home page",
          "fullTitle": "Buy product on the home page",
          "timedOut": null,
          "duration": 3876,
          "state": "passed",
          "speed": "fast",
          "pass": true,
          "fail": false,
          "pending": false,
          "context": null,
          "code": "//Add product to the cart\n_HomePage.default.getBellaBambaProduct().click();\n//Check changes on the page after adding\n_HomePage.default.assertAddedToCartTooltipText();\n_HomePage.default.assertAddedToCartColor();\n_HomePage.default.assertCartPopupAddedProductImage();\n_HomePage.default.assertCartPopupAddedProductName();\n_HomePage.default.assertCartPopupAddedProductPrice();\n//Check popup content\n_HomePage.default.getPopupAddedProduct();\n_HomePage.default.assertPopupAddedProductTimes();\n_HomePage.default.assertPopupAddedProductQuantity();\n_HomePage.default.assertPopupAddedProductSubtotal();\n_HomePage.default.assertPopupAddedProductTotal();\n_HomePage.default.assertPopupHeaderAmount();\n_HomePage.default.assertPopupHeaderTotal();\n//Go to the View cart page\n_HomePage.default.getPopupAddedProductViewCartBtn().click();\n_ShoppingCartPage.default.assertShoppingCartPageOpened();\n_ShoppingCartPage.default.assertProductImage();\n_ShoppingCartPage.default.assertProductName();\n_ShoppingCartPage.default.assertModelCode();\n_ShoppingCartPage.default.assertUnitPrice();\n_ShoppingCartPage.default.assertProductQuantity();\n_ShoppingCartPage.default.assertTotal();\n//Checkout\n_ShoppingCartPage.default.getCheckoutBtn().click();\n_CheckoutConfirmPage.default.assertCheckoutConfirmPageTitle();\n_CheckoutConfirmPage.default.getConfirmOrderBtn().click();\n_CheckoutSuccessPage.default.assertCheckoutSuccessPageTitle();",
          "err": {},
          "uuid": "d2575835-3920-4fbe-b2ed-63cf7f165c1c",
          "parentUUID": "c9febbc5-488d-427d-9d2b-2200e3eac0b7",
          "isHook": false,
          "skipped": false
        }
      ],
      "suites": [],
      "passes": [
        "13476c79-8519-44ad-b541-7c2efad4613d",
        "d2575835-3920-4fbe-b2ed-63cf7f165c1c"
      ],
      "failures": [],
      "pending": [],
      "skipped": [],
      "duration": 23286,
      "root": true,
      "rootEmpty": false,
      "_timeout": 2000
    }
  ],
  "meta": {
    "mocha": {
      "version": "7.0.1"
    },
    "mochawesome": {
      "options": {
        "quiet": false,
        "reportFilename": "mochawesome",
        "saveHtml": false,
        "saveJson": true,
        "consoleReporter": "spec",
        "useInlineDiffs": false,
        "code": true
      },
      "version": "7.1.3"
    },
    "marge": {
      "options": {
        "reportDir": "cypress/results",
        "overwrite": false,
        "html": false,
        "json": true
      },
      "version": "6.2.0"
    }
  }
}