{
  "stats": {
    "suites": 1,
    "tests": 5,
    "passes": 5,
    "pending": 0,
    "failures": 0,
    "start": "2023-03-02T19:04:39.346Z",
    "end": "2023-03-02T19:04:52.704Z",
    "duration": 13358,
    "testsRegistered": 5,
    "passPercent": 100,
    "pendingPercent": 0,
    "other": 0,
    "hasOther": false,
    "skipped": 0,
    "hasSkipped": false
  },
  "results": [
    {
      "uuid": "924222ce-f007-4759-90d2-3e3acd563b9e",
      "title": "",
      "fullFile": "cypress/e2e/loginAndSignup.cy.js",
      "file": "cypress/e2e/loginAndSignup.cy.js",
      "beforeHooks": [],
      "afterHooks": [],
      "tests": [],
      "suites": [
        {
          "uuid": "3ffe3f16-8c0a-4a11-8fce-234f3b8c008c",
          "title": "Sign up and login",
          "fullFile": "",
          "file": "",
          "beforeHooks": [],
          "afterHooks": [],
          "tests": [
            {
              "title": "Sign up",
              "fullTitle": "Sign up and login Sign up",
              "timedOut": null,
              "duration": 7974,
              "state": "passed",
              "speed": "medium",
              "pass": true,
              "fail": false,
              "pending": false,
              "context": null,
              "code": "_SignupPage.default.visit();\n_SignupPage.default.createNewAccount(user);\n_AccountSuccessPage.default.verifyNewAccountCreated();",
              "err": {},
              "uuid": "813c7b74-9a7c-4ece-abe2-d15dc0996a04",
              "parentUUID": "3ffe3f16-8c0a-4a11-8fce-234f3b8c008c",
              "isHook": false,
              "skipped": false
            },
            {
              "title": "Login with valid user",
              "fullTitle": "Sign up and login Login with valid user",
              "timedOut": null,
              "duration": 1604,
              "state": "passed",
              "speed": "fast",
              "pass": true,
              "fail": false,
              "pending": false,
              "context": null,
              "code": "_LoginPage.default.visit();\n_LoginPage.default.submitLoginForm(user);\n_AccountPage.default.verifyUserName(user);",
              "err": {},
              "uuid": "dbc5610a-998f-40fc-9512-a8bfd0ba6021",
              "parentUUID": "3ffe3f16-8c0a-4a11-8fce-234f3b8c008c",
              "isHook": false,
              "skipped": false
            },
            {
              "title": "Login without username",
              "fullTitle": "Sign up and login Login without username",
              "timedOut": null,
              "duration": 1002,
              "state": "passed",
              "speed": "fast",
              "pass": true,
              "fail": false,
              "pending": false,
              "context": null,
              "code": "_LoginPage.default.visit();\n_LoginPage.default.submitLoginFormWithoutUsername(user);",
              "err": {},
              "uuid": "770ce91d-fefb-43cc-abba-872f7dc48c74",
              "parentUUID": "3ffe3f16-8c0a-4a11-8fce-234f3b8c008c",
              "isHook": false,
              "skipped": false
            },
            {
              "title": "Login with invalid username",
              "fullTitle": "Sign up and login Login with invalid username",
              "timedOut": null,
              "duration": 1330,
              "state": "passed",
              "speed": "fast",
              "pass": true,
              "fail": false,
              "pending": false,
              "context": null,
              "code": "_LoginPage.default.visit();\n_LoginPage.default.submitLoginFormInvalidUsername(user);",
              "err": {},
              "uuid": "a5e25ec9-eb55-4707-af2e-518d6c48abc2",
              "parentUUID": "3ffe3f16-8c0a-4a11-8fce-234f3b8c008c",
              "isHook": false,
              "skipped": false
            },
            {
              "title": "Login with invalid password",
              "fullTitle": "Sign up and login Login with invalid password",
              "timedOut": null,
              "duration": 1348,
              "state": "passed",
              "speed": "fast",
              "pass": true,
              "fail": false,
              "pending": false,
              "context": null,
              "code": "_LoginPage.default.visit();\n_LoginPage.default.submitLoginFormInvalidPassword(user);",
              "err": {},
              "uuid": "2a6ee476-2e49-4f68-a991-60889d831e48",
              "parentUUID": "3ffe3f16-8c0a-4a11-8fce-234f3b8c008c",
              "isHook": false,
              "skipped": false
            }
          ],
          "suites": [],
          "passes": [
            "813c7b74-9a7c-4ece-abe2-d15dc0996a04",
            "dbc5610a-998f-40fc-9512-a8bfd0ba6021",
            "770ce91d-fefb-43cc-abba-872f7dc48c74",
            "a5e25ec9-eb55-4707-af2e-518d6c48abc2",
            "2a6ee476-2e49-4f68-a991-60889d831e48"
          ],
          "failures": [],
          "pending": [],
          "skipped": [],
          "duration": 13258,
          "root": false,
          "rootEmpty": false,
          "_timeout": 2000
        }
      ],
      "passes": [],
      "failures": [],
      "pending": [],
      "skipped": [],
      "duration": 0,
      "root": true,
      "rootEmpty": true,
      "_timeout": 2000
    }
  ],
  "meta": {
    "mocha": {
      "version": "7.0.1"
    },
    "mochawesome": {
      "options": {
        "quiet": false,
        "reportFilename": "mochawesome",
        "saveHtml": false,
        "saveJson": true,
        "consoleReporter": "spec",
        "useInlineDiffs": false,
        "code": true
      },
      "version": "7.1.3"
    },
    "marge": {
      "options": {
        "reportDir": "cypress/results",
        "overwrite": false,
        "html": false,
        "json": true
      },
      "version": "6.2.0"
    }
  }
}